<?xml version="1.0" encoding="UTF-8"?>
<testng-results skipped="0" failed="0" ignored="0" total="1" passed="1">
  <reporter-output>
  </reporter-output>
  <suite name="Suite" duration-ms="41687" started-at="2021-08-05T17:31:35Z" finished-at="2021-08-05T17:32:17Z">
    <groups>
    </groups>
    <test name="Test" duration-ms="41687" started-at="2021-08-05T17:31:35Z" finished-at="2021-08-05T17:32:17Z">
      <class name="Tests.jenkinstest">
        <test-method status="PASS" signature="showbfore()[pri:0, instance:Tests.jenkinstest@5bcea91b]" name="showbfore" is-config="true" duration-ms="4839" started-at="2021-08-05T17:31:35Z" finished-at="2021-08-05T17:31:40Z">
          <reporter-output>
          </reporter-output>
        </test-method> <!-- showbfore -->
        <test-method status="PASS" signature="show()[pri:0, instance:Tests.jenkinstest@5bcea91b]" name="show" duration-ms="36796" started-at="2021-08-05T17:31:40Z" finished-at="2021-08-05T17:32:17Z">
          <reporter-output>
          </reporter-output>
        </test-method> <!-- show -->
        <test-method status="PASS" signature="showafter()[pri:0, instance:Tests.jenkinstest@5bcea91b]" name="showafter" is-config="true" duration-ms="1" started-at="2021-08-05T17:32:17Z" finished-at="2021-08-05T17:32:17Z">
          <reporter-output>
          </reporter-output>
        </test-method> <!-- showafter -->
      </class> <!-- Tests.jenkinstest -->
    </test> <!-- Test -->
  </suite> <!-- Suite -->
</testng-results>
